# JRE version: OpenJDK Runtime Environment (17.0.14+7) (build 17.0.14+7-Debian-1deb12u1)
# Java VM: OpenJDK 64-Bit Server VM (17.0.14+7-Debian-1deb12u1, mixed mode, sharing, tiered, compressed oops, compressed class ptrs, g1 gc, linux-amd64)
GC Precious Log:
 CPUs: 20 total, 20 available
 Memory: 31759M
 Large Page Support: Disabled
 NUMA Support: Disabled
 Compressed Oops: Enabled (Zero based)
 Heap Region Size: 4M
 Heap Min Capacity: 8M
 Heap Initial Capacity: 500M
 Heap Max Capacity: 7940M
 Pre-touch: Disabled
 Parallel Workers: 15
 Concurrent Workers: 4
 Concurrent Refinement Workers: 15
 Periodic GC: Disabled
Heap:
 garbage-first heap   total 77824K, used 54250K [0x000000060fc00000, 0x0000000800000000)
  region size 4096K, 2 young (8192K), 1 survivors (4096K)
 Metaspace       used 8688K, committed 8832K, reserved 1114112K
  class space    used 696K, committed 768K, reserved 1048576K
GC Heap History (20 events):
Event: 42.394 GC heap before
{Heap before GC invocations=50 (full 6):
 garbage-first heap   total 77824K, used 54498K [0x000000060fc00000, 0x0000000800000000)
  region size 4096K, 2 young (8192K), 1 survivors (4096K)
 Metaspace       used 8676K, committed 8832K, reserved 1114112K
  class space    used 695K, committed 768K, reserved 1048576K
}
Event: 42.395 GC heap after
{Heap after GC invocations=51 (full 6):
 garbage-first heap   total 77824K, used 50114K [0x000000060fc00000, 0x0000000800000000)
  region size 4096K, 1 young (4096K), 1 survivors (4096K)
 Metaspace       used 8676K, committed 8832K, reserved 1114112K
  class space    used 695K, committed 768K, reserved 1048576K
}
Event: 42.596 GC heap before
{Heap before GC invocations=51 (full 6):
 garbage-first heap   total 77824K, used 54210K [0x000000060fc00000, 0x0000000800000000)
  region size 4096K, 2 young (8192K), 1 survivors (4096K)
 Metaspace       used 8678K, committed 8832K, reserved 1114112K
  class space    used 695K, committed 768K, reserved 1048576K
}
Event: 42.596 GC heap after
{Heap after GC invocations=52 (full 6):
 garbage-first heap   total 77824K, used 50339K [0x000000060fc00000, 0x0000000800000000)
  region size 4096K, 1 young (4096K), 1 survivors (4096K)
 Metaspace       used 8678K, committed 8832K, reserved 1114112K
  class space    used 695K, committed 768K, reserved 1048576K
}
Event: 42.885 GC heap before
{Heap before GC invocations=52 (full 6):
 garbage-first heap   total 77824K, used 54435K [0x000000060fc00000, 0x0000000800000000)
  region size 4096K, 2 young (8192K), 1 survivors (4096K)
 Metaspace       used 8678K, committed 8832K, reserved 1114112K
  class space    used 695K, committed 768K, reserved 1048576K
}
Event: 42.885 GC heap after
{Heap after GC invocations=53 (full 6):
 garbage-first heap   total 77824K, used 50403K [0x000000060fc00000, 0x0000000800000000)
  region size 4096K, 1 young (4096K), 1 survivors (4096K)
 Metaspace       used 8678K, committed 8832K, reserved 1114112K
  class space    used 695K, committed 768K, reserved 1048576K
}
Event: 43.194 GC heap before
{Heap before GC invocations=53 (full 6):
 garbage-first heap   total 77824K, used 54499K [0x000000060fc00000, 0x0000000800000000)
  region size 4096K, 2 young (8192K), 1 survivors (4096K)
 Metaspace       used 8678K, committed 8832K, reserved 1114112K
  class space    used 695K, committed 768K, reserved 1048576K
}
Event: 43.195 GC heap after
{Heap after GC invocations=54 (full 6):
 garbage-first heap   total 77824K, used 50918K [0x000000060fc00000, 0x0000000800000000)
  region size 4096K, 1 young (4096K), 1 survivors (4096K)
 Metaspace       used 8678K, committed 8832K, reserved 1114112K
  class space    used 695K, committed 768K, reserved 1048576K
}
Event: 43.378 GC heap before
{Heap before GC invocations=54 (full 6):
 garbage-first heap   total 77824K, used 55014K [0x000000060fc00000, 0x0000000800000000)
  region size 4096K, 2 young (8192K), 1 survivors (4096K)
 Metaspace       used 8678K, committed 8832K, reserved 1114112K
  class space    used 695K, committed 768K, reserved 1048576K
}
Event: 43.379 GC heap after
{Heap after GC invocations=55 (full 6):
 garbage-first heap   total 77824K, used 51334K [0x000000060fc00000, 0x0000000800000000)
  region size 4096K, 1 young (4096K), 1 survivors (4096K)
 Metaspace       used 8678K, committed 8832K, reserved 1114112K
  class space    used 695K, committed 768K, reserved 1048576K
}
Event: 43.563 GC heap before
{Heap before GC invocations=55 (full 6):
 garbage-first heap   total 77824K, used 55430K [0x000000060fc00000, 0x0000000800000000)
  region size 4096K, 2 young (8192K), 1 survivors (4096K)
 Metaspace       used 8678K, committed 8832K, reserved 1114112K
  class space    used 695K, committed 768K, reserved 1048576K
}
Event: 43.564 GC heap after
{Heap after GC invocations=56 (full 6):
 garbage-first heap   total 77824K, used 51987K [0x000000060fc00000, 0x0000000800000000)
  region size 4096K, 1 young (4096K), 1 survivors (4096K)
 Metaspace       used 8678K, committed 8832K, reserved 1114112K
  class space    used 695K, committed 768K, reserved 1048576K
}
Event: 43.744 GC heap before
{Heap before GC invocations=56 (full 6):
 garbage-first heap   total 77824K, used 56083K [0x000000060fc00000, 0x0000000800000000)
  region size 4096K, 2 young (8192K), 1 survivors (4096K)
 Metaspace       used 8678K, committed 8832K, reserved 1114112K
  class space    used 695K, committed 768K, reserved 1048576K
}
Event: 43.745 GC heap after
{Heap after GC invocations=57 (full 6):
 garbage-first heap   total 77824K, used 52519K [0x000000060fc00000, 0x0000000800000000)
  region size 4096K, 1 young (4096K), 1 survivors (4096K)
 Metaspace       used 8678K, committed 8832K, reserved 1114112K
  class space    used 695K, committed 768K, reserved 1048576K
}
Event: 43.918 GC heap before
{Heap before GC invocations=57 (full 6):
 garbage-first heap   total 77824K, used 56615K [0x000000060fc00000, 0x0000000800000000)
  region size 4096K, 2 young (8192K), 1 survivors (4096K)
 Metaspace       used 8678K, committed 8832K, reserved 1114112K
  class space    used 695K, committed 768K, reserved 1048576K
}
Event: 43.920 GC heap after
{Heap after GC invocations=58 (full 6):
 garbage-first heap   total 77824K, used 53111K [0x000000060fc00000, 0x0000000800000000)
  region size 4096K, 1 young (4096K), 1 survivors (4096K)
 Metaspace       used 8678K, committed 8832K, reserved 1114112K
  class space    used 695K, committed 768K, reserved 1048576K
}
Event: 44.101 GC heap before
{Heap before GC invocations=58 (full 6):
 garbage-first heap   total 77824K, used 57207K [0x000000060fc00000, 0x0000000800000000)
  region size 4096K, 2 young (8192K), 1 survivors (4096K)
 Metaspace       used 8678K, committed 8832K, reserved 1114112K
  class space    used 695K, committed 768K, reserved 1048576K
}
Event: 44.102 GC heap after
{Heap after GC invocations=59 (full 6):
 garbage-first heap   total 77824K, used 53583K [0x000000060fc00000, 0x0000000800000000)
  region size 4096K, 1 young (4096K), 1 survivors (4096K)
 Metaspace       used 8678K, committed 8832K, reserved 1114112K
  class space    used 695K, committed 768K, reserved 1048576K
}
Event: 44.286 GC heap before
{Heap before GC invocations=59 (full 6):
 garbage-first heap   total 77824K, used 57679K [0x000000060fc00000, 0x0000000800000000)
  region size 4096K, 2 young (8192K), 1 survivors (4096K)
 Metaspace       used 8680K, committed 8832K, reserved 1114112K
  class space    used 695K, committed 768K, reserved 1048576K
}
Event: 44.287 GC heap after
{Heap after GC invocations=60 (full 6):
 garbage-first heap   total 77824K, used 54250K [0x000000060fc00000, 0x0000000800000000)
  region size 4096K, 1 young (4096K), 1 survivors (4096K)
 Metaspace       used 8680K, committed 8832K, reserved 1114112K
  class space    used 695K, committed 768K, reserved 1048576K
}

